  pch.cpp
  GameServer.cpp
C:\Users\ParkYoonHeong\Documents\GitHub\GameServer\GameServer\ServerPacketHandler.h(109,50): warning C4244: '=': 'uint64'에서 'uint16'(으)로 변환하면서 데이터가 손실될 수 있습니다.
  (소스 파일 '/GameServer.cpp'을(를) 컴파일하는 중)
  
C:\Users\ParkYoonHeong\Documents\GitHub\GameServer\GameServer\ServerPacketHandler.h(117,59): warning C4244: '=': 'uint64'에서 'uint16'(으)로 변환하면서 데이터가 손실될 수 있습니다.
  (소스 파일 '/GameServer.cpp'을(를) 컴파일하는 중)
  
  GameSession.cpp
C:\Users\ParkYoonHeong\Documents\GitHub\GameServer\GameServer\ServerPacketHandler.h(109,50): warning C4244: '=': 'uint64'에서 'uint16'(으)로 변환하면서 데이터가 손실될 수 있습니다.
  (소스 파일 '/GameSession.cpp'을(를) 컴파일하는 중)
  
C:\Users\ParkYoonHeong\Documents\GitHub\GameServer\GameServer\ServerPacketHandler.h(117,59): warning C4244: '=': 'uint64'에서 'uint16'(으)로 변환하면서 데이터가 손실될 수 있습니다.
  (소스 파일 '/GameSession.cpp'을(를) 컴파일하는 중)
  
  GameSessionManager.cpp
  ServerPacketHandler.cpp
C:\Users\ParkYoonHeong\Documents\GitHub\GameServer\GameServer\ServerPacketHandler.h(109,50): warning C4244: '=': 'uint64'에서 'uint16'(으)로 변환하면서 데이터가 손실될 수 있습니다.
  (소스 파일 '/ServerPacketHandler.cpp'을(를) 컴파일하는 중)
  
C:\Users\ParkYoonHeong\Documents\GitHub\GameServer\GameServer\ServerPacketHandler.h(117,59): warning C4244: '=': 'uint64'에서 'uint16'(으)로 변환하면서 데이터가 손실될 수 있습니다.
  (소스 파일 '/ServerPacketHandler.cpp'을(를) 컴파일하는 중)
  
C:\Users\ParkYoonHeong\Documents\GitHub\GameServer\GameServer\ServerPacketHandler.cpp(17,2): warning C4065: switch문에 'default'가 있으나 'case' 레이블이 없습니다.
  (소스 파일 '/ServerPacketHandler.cpp'을(를) 컴파일하는 중)
  
  코드를 생성하고 있습니다...
  LINK : C:\Users\ParkYoonHeong\Documents\GitHub\GameServer\Binary\Debug\GameServer.exe을(를) 찾을 수 없거나 마지막 증분 링크에 의해 빌드되지 않았습니다. 전체 링크를 수행하고 있습니다.
  GameServer.vcxproj -> C:\Users\ParkYoonHeong\Documents\GitHub\GameServer\Binary\Debug\GameServer.exe
