Protocol.proto(4,1): warning G1A4DC0EC: Import Enum.proto is unused.
  #pragma once
  #include "Protocol.pb.h"
  
  using PacketHandlerFunc = std::function<bool(PacketSessionRef&, BYTE*, int32)>;
  extern PacketHandlerFunc GPacketHandler[UINT16_MAX];
  
  enum : uint16
  {
  	PKT_C_LOGIN = 1000,
  	PKT_S_LOGIN = 1001,
  	PKT_C_ENTER_GAME = 1002,
  	PKT_S_ENTER_GAME = 1003,
  	PKT_C_CHAT = 1004,
  	PKT_S_CHAT = 1005,
  };
  
  // Custom Handlers
  bool Handle_INVALID(PacketSessionRef& session, BYTE* buffer, int32 len);
  bool Handle_C_LOGIN(PacketSessionRef& session, Protocol::C_LOGIN& pkt);
  bool Handle_C_ENTER_GAME(PacketSessionRef& session, Protocol::C_ENTER_GAME& pkt);
  bool Handle_C_CHAT(PacketSessionRef& session, Protocol::C_CHAT& pkt);
  
  class ClientPacketHandler
  {
  public:
  	static void Init()
  	{
  		for (int32 i = 0; i < UINT16_MAX; i++)
  			GPacketHandler[i] = Handle_INVALID;
  		GPacketHandler[PKT_C_LOGIN] = [](PacketSessionRef& session, BYTE* buffer, int32 len) { return HandlePacket<Protocol::C_LOGIN>(Handle_C_LOGIN, session, buffer, len); };
  		GPacketHandler[PKT_C_ENTER_GAME] = [](PacketSessionRef& session, BYTE* buffer, int32 len) { return HandlePacket<Protocol::C_ENTER_GAME>(Handle_C_ENTER_GAME, session, buffer, len); };
  		GPacketHandler[PKT_C_CHAT] = [](PacketSessionRef& session, BYTE* buffer, int32 len) { return HandlePacket<Protocol::C_CHAT>(Handle_C_CHAT, session, buffer, len); };
  	}
  
  	static bool HandlePacket(PacketSessionRef& session, BYTE* buffer, int32 len)
  	{
  		PacketHeader* header = reinterpret_cast<PacketHeader*>(buffer);
  		return GPacketHandler[header->id](session, buffer, len);
  	}
  	static SendBufferRef MakeSendBuffer(Protocol::S_LOGIN& pkt) { return MakeSendBuffer(pkt, PKT_S_LOGIN); }
  	static SendBufferRef MakeSendBuffer(Protocol::S_ENTER_GAME& pkt) { return MakeSendBuffer(pkt, PKT_S_ENTER_GAME); }
  	static SendBufferRef MakeSendBuffer(Protocol::S_CHAT& pkt) { return MakeSendBuffer(pkt, PKT_S_CHAT); }
  
  private:
  	template<typename PacketType, typename ProcessFunc>
  	static bool HandlePacket(ProcessFunc func, PacketSessionRef& session, BYTE* buffer, int32 len)
  	{
  		PacketType pkt;
  		if (pkt.ParseFromArray(buffer + sizeof(PacketHeader), len - sizeof(PacketHeader)) == false)
  			return false;
  
  		return func(session, pkt);
  	}
  
  	template<typename T>
  	static SendBufferRef MakeSendBuffer(T& pkt, uint16 pktId)
  	{
  		const uint16 dataSize = static_cast<uint16>(pkt.ByteSizeLong());
  		const uint16 packetSize = dataSize + sizeof(PacketHeader);
  
  		SendBufferRef sendBuffer = GSendBufferManager->Open(packetSize);
  		PacketHeader* header = reinterpret_cast<PacketHeader*>(sendBuffer->Buffer());
  		header->size = packetSize;
  		header->id = pktId;
  		ASSERT_CRASH(pkt.SerializeToArray(&header[1], dataSize));
  		sendBuffer->Close(packetSize);
  
  		return sendBuffer;
  	}
  };
  #pragma once
  #include "Protocol.pb.h"
  
  using PacketHandlerFunc = std::function<bool(PacketSessionRef&, BYTE*, int32)>;
  extern PacketHandlerFunc GPacketHandler[UINT16_MAX];
  
  enum : uint16
  {
  	PKT_C_LOGIN = 1000,
  	PKT_S_LOGIN = 1001,
  	PKT_C_ENTER_GAME = 1002,
  	PKT_S_ENTER_GAME = 1003,
  	PKT_C_CHAT = 1004,
  	PKT_S_CHAT = 1005,
  };
  
  // Custom Handlers
  bool Handle_INVALID(PacketSessionRef& session, BYTE* buffer, int32 len);
  bool Handle_S_LOGIN(PacketSessionRef& session, Protocol::S_LOGIN& pkt);
  bool Handle_S_ENTER_GAME(PacketSessionRef& session, Protocol::S_ENTER_GAME& pkt);
  bool Handle_S_CHAT(PacketSessionRef& session, Protocol::S_CHAT& pkt);
  
  class ServerPacketHandler
  {
  public:
  	static void Init()
  	{
  		for (int32 i = 0; i < UINT16_MAX; i++)
  			GPacketHandler[i] = Handle_INVALID;
  		GPacketHandler[PKT_S_LOGIN] = [](PacketSessionRef& session, BYTE* buffer, int32 len) { return HandlePacket<Protocol::S_LOGIN>(Handle_S_LOGIN, session, buffer, len); };
  		GPacketHandler[PKT_S_ENTER_GAME] = [](PacketSessionRef& session, BYTE* buffer, int32 len) { return HandlePacket<Protocol::S_ENTER_GAME>(Handle_S_ENTER_GAME, session, buffer, len); };
  		GPacketHandler[PKT_S_CHAT] = [](PacketSessionRef& session, BYTE* buffer, int32 len) { return HandlePacket<Protocol::S_CHAT>(Handle_S_CHAT, session, buffer, len); };
  	}
  
  	static bool HandlePacket(PacketSessionRef& session, BYTE* buffer, int32 len)
  	{
  		PacketHeader* header = reinterpret_cast<PacketHeader*>(buffer);
  		return GPacketHandler[header->id](session, buffer, len);
  	}
  	static SendBufferRef MakeSendBuffer(Protocol::C_LOGIN& pkt) { return MakeSendBuffer(pkt, PKT_C_LOGIN); }
  	static SendBufferRef MakeSendBuffer(Protocol::C_ENTER_GAME& pkt) { return MakeSendBuffer(pkt, PKT_C_ENTER_GAME); }
  	static SendBufferRef MakeSendBuffer(Protocol::C_CHAT& pkt) { return MakeSendBuffer(pkt, PKT_C_CHAT); }
  
  private:
  	template<typename PacketType, typename ProcessFunc>
  	static bool HandlePacket(ProcessFunc func, PacketSessionRef& session, BYTE* buffer, int32 len)
  	{
  		PacketType pkt;
  		if (pkt.ParseFromArray(buffer + sizeof(PacketHeader), len - sizeof(PacketHeader)) == false)
  			return false;
  
  		return func(session, pkt);
  	}
  
  	template<typename T>
  	static SendBufferRef MakeSendBuffer(T& pkt, uint16 pktId)
  	{
  		const uint16 dataSize = static_cast<uint16>(pkt.ByteSizeLong());
  		const uint16 packetSize = dataSize + sizeof(PacketHeader);
  
  		SendBufferRef sendBuffer = GSendBufferManager->Open(packetSize);
  		PacketHeader* header = reinterpret_cast<PacketHeader*>(sendBuffer->Buffer());
  		header->size = packetSize;
  		header->id = pktId;
  		ASSERT_CRASH(pkt.SerializeToArray(&header[1], dataSize));
  		sendBuffer->Close(packetSize);
  
  		return sendBuffer;
  	}
  };
  C:Enum.pb.h
  1개 파일이 복사되었습니다.
  C:Enum.pb.cc
  1개 파일이 복사되었습니다.
  C:Struct.pb.h
  1개 파일이 복사되었습니다.
  C:Struct.pb.cc
  1개 파일이 복사되었습니다.
  C:Protocol.pb.h
  1개 파일이 복사되었습니다.
  C:Protocol.pb.cc
  1개 파일이 복사되었습니다.
  C:ClientPacketHandler.h
  1개 파일이 복사되었습니다.
  C:Enum.pb.h
  1개 파일이 복사되었습니다.
  C:Enum.pb.cc
  1개 파일이 복사되었습니다.
  C:Struct.pb.h
  1개 파일이 복사되었습니다.
  C:Struct.pb.cc
  1개 파일이 복사되었습니다.
  C:Protocol.pb.h
  1개 파일이 복사되었습니다.
  C:Protocol.pb.cc
  1개 파일이 복사되었습니다.
  C:ServerPacketHandler.h
  1개 파일이 복사되었습니다.
  계속하려면 아무 키나 누르십시오 . . . 
  DummyClient.cpp
  ServerPacketHandler.cpp
  코드를 생성하고 있습니다...
  Enum.pb.cc
  Protocol.pb.cc
  Struct.pb.cc
  코드를 생성하고 있습니다...
  DummyClient.vcxproj -> C:\Users\ParkYoonHeong\Documents\GitHub\GameServer\Binary\Debug\DummyClient.exe
