c:\rookiss\cpp_server\server\servercore\x64\debug\servercore.pch
c:\rookiss\cpp_server\server\libraries\debug\servercore.pdb
c:\rookiss\cpp_server\server\libraries\debug\servercore.idb
c:\rookiss\cpp_server\server\servercore\x64\debug\pch.obj
c:\rookiss\cpp_server\server\servercore\x64\debug\threadmanager.obj
c:\rookiss\cpp_server\server\servercore\x64\debug\socketutils.obj
c:\rookiss\cpp_server\server\servercore\x64\debug\session.obj
c:\rookiss\cpp_server\server\servercore\x64\debug\refcounting.obj
c:\rookiss\cpp_server\server\servercore\x64\debug\netaddress.obj
c:\rookiss\cpp_server\server\servercore\x64\debug\memorypool.obj
c:\rookiss\cpp_server\server\servercore\x64\debug\memory.obj
c:\rookiss\cpp_server\server\servercore\x64\debug\lock.obj
c:\rookiss\cpp_server\server\servercore\x64\debug\iocpevent.obj
c:\rookiss\cpp_server\server\servercore\x64\debug\iocpcore.obj
c:\rookiss\cpp_server\server\servercore\x64\debug\deadlockprofiler.obj
c:\rookiss\cpp_server\server\servercore\x64\debug\coretls.obj
c:\rookiss\cpp_server\server\servercore\x64\debug\corepch.obj
c:\rookiss\cpp_server\server\servercore\x64\debug\coreglobal.obj
c:\rookiss\cpp_server\server\servercore\x64\debug\allocator.obj
c:\rookiss\cpp_server\server\servercore\x64\debug\listener.obj
c:\rookiss\cpp_server\server\libraries\debug\servercore.lib
c:\rookiss\cpp_server\server\servercore\x64\debug\servercore.tlog\cl.command.1.tlog
c:\rookiss\cpp_server\server\servercore\x64\debug\servercore.tlog\cl.read.1.tlog
c:\rookiss\cpp_server\server\servercore\x64\debug\servercore.tlog\cl.write.1.tlog
c:\rookiss\cpp_server\server\servercore\x64\debug\servercore.tlog\lib-link.read.1.tlog
c:\rookiss\cpp_server\server\servercore\x64\debug\servercore.tlog\lib-link.write.1.tlog
c:\rookiss\cpp_server\server\servercore\x64\debug\servercore.tlog\lib.command.1.tlog
